Using pre-set license
Built from '2021.2/staging' branch; Version is '2021.2.4f1 (99ba6aa4c552) revision 10074730'; Using compiler version '192829333'; Build Type 'Release'
OS: 'Windows 10 Enterprise; OS build 19043.1348; Version 2009; 64bit' Language: 'zh' Physical Memory: 16221 MB
BatchMode: 1, IsHumanControllingUs: 0, StartBugReporterOnCrash: 0, Is64bit: 1, IsPro: 0

COMMAND LINE ARGUMENTS:
C:\Program Files\Unity\Hub\Editor\2021.2.4f1\Editor\Unity.exe
-adb2
-batchMode
-noUpm
-name
AssetImportWorker0
-projectPath
E:/Unity/Unity_Projects/SRP_First_Try/UnityCustomSRP
-logFile
Logs/AssetImportWorker0.log
-srvPort
62039
Successfully changed project path to: E:/Unity/Unity_Projects/SRP_First_Try/UnityCustomSRP
E:/Unity/Unity_Projects/SRP_First_Try/UnityCustomSRP
[UnityMemory] Configuration Parameters - Can be set up in boot.config
    "memorysetup-bucket-allocator-granularity=16"
    "memorysetup-bucket-allocator-bucket-count=8"
    "memorysetup-bucket-allocator-block-size=33554432"
    "memorysetup-bucket-allocator-block-count=8"
    "memorysetup-main-allocator-block-size=16777216"
    "memorysetup-thread-allocator-block-size=16777216"
    "memorysetup-gfx-main-allocator-block-size=16777216"
    "memorysetup-gfx-thread-allocator-block-size=16777216"
    "memorysetup-cache-allocator-block-size=4194304"
    "memorysetup-typetree-allocator-block-size=2097152"
    "memorysetup-profiler-bucket-allocator-granularity=16"
    "memorysetup-profiler-bucket-allocator-bucket-count=8"
    "memorysetup-profiler-bucket-allocator-block-size=33554432"
    "memorysetup-profiler-bucket-allocator-block-count=8"
    "memorysetup-profiler-allocator-block-size=16777216"
    "memorysetup-profiler-editor-allocator-block-size=1048576"
    "memorysetup-temp-allocator-size-main=16777216"
    "memorysetup-job-temp-allocator-block-size=2097152"
    "memorysetup-job-temp-allocator-block-size-background=1048576"
    "memorysetup-job-temp-allocator-reduction-small-platforms=262144"
    "memorysetup-temp-allocator-size-background-worker=32768"
    "memorysetup-temp-allocator-size-job-worker=262144"
    "memorysetup-temp-allocator-size-preload-manager=33554432"
    "memorysetup-temp-allocator-size-nav-mesh-worker=65536"
    "memorysetup-temp-allocator-size-audio-worker=65536"
    "memorysetup-temp-allocator-size-cloud-worker=32768"
    "memorysetup-temp-allocator-size-gi-baking-worker=262144"
    "memorysetup-temp-allocator-size-gfx=262144"
Refreshing native plugins compatible for Editor in 0.60 ms, found 0 plugins.
Preloading 0 native plugins for Editor in 0.00 ms.
Initialize engine version: 2021.2.4f1 (99ba6aa4c552)
[Subsystems] Discovering subsystems at path C:/Program Files/Unity/Hub/Editor/2021.2.4f1/Editor/Data/Resources/UnitySubsystems
[Subsystems] Discovering subsystems at path E:/Unity/Unity_Projects/SRP_First_Try/UnityCustomSRP/Assets
GfxDevice: creating device client; threaded=0; jobified=0
Direct3D:
    Version:  Direct3D 11.0 [level 11.1]
    Renderer: NVIDIA GeForce GTX 1660 Ti (ID=0x2182)
    Vendor:   NVIDIA
    VRAM:     5991 MB
    Driver:   27.21.14.6192
Initialize mono
Mono path[0] = 'C:/Program Files/Unity/Hub/Editor/2021.2.4f1/Editor/Data/Managed'
Mono path[1] = 'C:/Program Files/Unity/Hub/Editor/2021.2.4f1/Editor/Data/MonoBleedingEdge/lib/mono/unityjit-win32'
Mono config path = 'C:/Program Files/Unity/Hub/Editor/2021.2.4f1/Editor/Data/MonoBleedingEdge/etc'
Using monoOptions --debugger-agent=transport=dt_socket,embedding=1,server=y,suspend=n,address=127.0.0.1:56828
Begin MonoManager ReloadAssembly
Registering precompiled unity dll's ...
Register platform support module: C:/Program Files/Unity/Hub/Editor/2021.2.4f1/Editor/Data/PlaybackEngines/WindowsStandaloneSupport/UnityEditor.WindowsStandalone.Extensions.dll
Registered in 0.005868 seconds.
Native extension for WindowsStandalone target not found
Refreshing native plugins compatible for Editor in 0.50 ms, found 0 plugins.
Preloading 0 native plugins for Editor in 0.00 ms.
Mono: successfully reloaded assembly
- Completed reload, in  0.407 seconds
Domain Reload Profiling:
	ReloadAssembly (408ms)
		BeginReloadAssembly (67ms)
			ExecutionOrderSort (0ms)
			DisableScriptedObjects (0ms)
			BackupInstance (0ms)
			ReleaseScriptingObjects (0ms)
			CreateAndSetChildDomain (1ms)
		EndReloadAssembly (280ms)
			LoadAssemblies (65ms)
			RebuildTransferFunctionScriptingTraits (0ms)
			SetupTypeCache (80ms)
			ReleaseScriptCaches (0ms)
			RebuildScriptCaches (21ms)
			SetupLoadedEditorAssemblies (140ms)
				LogAssemblyErrors (0ms)
				InitializePlatformSupportModulesInManaged (12ms)
				SetLoadedEditorAssemblies (0ms)
				RefreshPlugins (1ms)
				BeforeProcessingInitializeOnLoad (1ms)
				ProcessInitializeOnLoadAttributes (93ms)
				ProcessInitializeOnLoadMethodAttributes (34ms)
				AfterProcessingInitializeOnLoad (0ms)
				EditorAssembliesLoaded (0ms)
			ExecutionOrderSort2 (0ms)
			AwakeInstancesAfterBackupRestoration (0ms)
Platform modules already initialized, skipping
Registering precompiled user dll's ...
Registered in 0.000000 seconds.
Begin MonoManager ReloadAssembly
Native extension for WindowsStandalone target not found
Refreshing native plugins compatible for Editor in 0.01 ms, found 0 plugins.
Preloading 0 native plugins for Editor in 0.00 ms.
Mono: successfully reloaded assembly
- Completed reload, in  0.513 seconds
Domain Reload Profiling:
	ReloadAssembly (514ms)
		BeginReloadAssembly (129ms)
			ExecutionOrderSort (0ms)
			DisableScriptedObjects (4ms)
			BackupInstance (0ms)
			ReleaseScriptingObjects (0ms)
			CreateAndSetChildDomain (15ms)
		EndReloadAssembly (332ms)
			LoadAssemblies (49ms)
			RebuildTransferFunctionScriptingTraits (0ms)
			SetupTypeCache (75ms)
			ReleaseScriptCaches (0ms)
			RebuildScriptCaches (18ms)
			SetupLoadedEditorAssemblies (128ms)
				LogAssemblyErrors (0ms)
				InitializePlatformSupportModulesInManaged (10ms)
				SetLoadedEditorAssemblies (0ms)
				RefreshPlugins (0ms)
				BeforeProcessingInitializeOnLoad (15ms)
				ProcessInitializeOnLoadAttributes (84ms)
				ProcessInitializeOnLoadMethodAttributes (13ms)
				AfterProcessingInitializeOnLoad (7ms)
				EditorAssembliesLoaded (0ms)
			ExecutionOrderSort2 (0ms)
			AwakeInstancesAfterBackupRestoration (5ms)
Platform modules already initialized, skipping
========================================================================
Worker process is ready to serve import requests
Launched and connected shader compiler UnityShaderCompiler.exe after 0.04 seconds
Refreshing native plugins compatible for Editor in 0.03 ms, found 0 plugins.
Preloading 0 native plugins for Editor in 0.00 ms.
Unloading 10 Unused Serialized files (Serialized files now loaded: 0)
Unloading 2 unused Assets / (55.8 KB). Loaded Objects now: 482.
Memory consumption went from 25.7 MB to 25.6 MB.
Total: 2.124000 ms (FindLiveObjects: 0.052400 ms CreateObjectMapping: 0.003300 ms MarkObjects: 2.019100 ms  DeleteObjects: 0.048200 ms)

AssetImportParameters requested are different than current active one (requested -> active):
  custom:video-decoder-ogg-theora: a1e56fd34408186e4bbccfd4996cb3dc -> 
  custom:container-muxer-webm: aa71ff27fc2769a1b78a27578f13a17b -> 
  custom:container-demuxer-webm: 4f35f7cbe854078d1ac9338744f61a02 -> 
  custom:video-encoder-webm-vp8: eb34c28f22e8b96e1ab97ce403110664 -> 
  custom:audio-encoder-webm-vorbis: bf7c407c2cedff20999df2af8eb42d56 -> 
  custom:framework-win-MediaFoundation: 216162199b28c13a410421893ffa2e32 -> 
  custom:container-demuxer-ogg: 62fdf1f143b41e24485cea50d1cbac27 -> 
  custom:video-decoder-webm-vp8: 9c59270c3fd7afecdb556c50c9e8de78 -> 
  custom:audio-decoder-ogg-vorbis: bf7c407c2cedff20999df2af8eb42d56 -> 
========================================================================
Received Import Request.
  Time since last request: 65256.326269 seconds.
  path: Assets/SRPs/NewUnlitShader.shader
  artifactKey: Guid(a463636b5ba59e046a4c3f124db0f3f0) Importer(815301076,1909f56bfc062723c751e8b465ee728b)
Start importing Assets/SRPs/NewUnlitShader.shader using Guid(a463636b5ba59e046a4c3f124db0f3f0) Importer(815301076,1909f56bfc062723c751e8b465ee728b)  -> (artifact id: 'e24d0e49c1df6a399f3f8cddded0a012') in 0.018713 seconds 
========================================================================
Received Import Request.
  Time since last request: 4.561754 seconds.
  path: Assets/Materials/Standard Opaque.mat
  artifactKey: Guid(2b3eb4e0d17bc0c45a728f14ceecd654) Importer(815301076,1909f56bfc062723c751e8b465ee728b)
Start importing Assets/Materials/Standard Opaque.mat using Guid(2b3eb4e0d17bc0c45a728f14ceecd654) Importer(815301076,1909f56bfc062723c751e8b465ee728b)  -> (artifact id: '4bbbbc177bcfca8fba6f0e2baed1c66d') in 0.092677 seconds 
========================================================================
Received Import Request.
  Time since last request: 0.000013 seconds.
  path: Assets/Materials/Unlit Transparent.mat
  artifactKey: Guid(9db28ba642644d94e88f3a0773e3b760) Importer(815301076,1909f56bfc062723c751e8b465ee728b)
Start importing Assets/Materials/Unlit Transparent.mat using Guid(9db28ba642644d94e88f3a0773e3b760) Importer(815301076,1909f56bfc062723c751e8b465ee728b)  -> (artifact id: 'dfe16e3fb434b1d67f793e4a65ca0849') in 0.005295 seconds 
========================================================================
Received Import Request.
  Time since last request: 0.000035 seconds.
  path: Assets/Materials/Unlit Opaque.mat
  artifactKey: Guid(1ae00b7e795378c49b5cd625dcf1f3a2) Importer(815301076,1909f56bfc062723c751e8b465ee728b)
Start importing Assets/Materials/Unlit Opaque.mat using Guid(1ae00b7e795378c49b5cd625dcf1f3a2) Importer(815301076,1909f56bfc062723c751e8b465ee728b)  -> (artifact id: '73275ded7267e4251506fc070187f227') in 0.006444 seconds 
========================================================================
Received Import Request.
  Time since last request: 10.790581 seconds.
  path: Assets/Shader
  artifactKey: Guid(edd98a75dfe4b994ba6bad1cca95f103) Importer(815301076,1909f56bfc062723c751e8b465ee728b)
Start importing Assets/Shader using Guid(edd98a75dfe4b994ba6bad1cca95f103) Importer(815301076,1909f56bfc062723c751e8b465ee728b)  -> (artifact id: '603177566d3e591c33aeb8f4cf2c58dc') in 0.001262 seconds 
========================================================================
Received Import Request.
  Time since last request: 10.334916 seconds.
  path: Assets/Shader/UnlitShader.shader
  artifactKey: Guid(5775937b38db2734aaa8a5d2bf653c4e) Importer(815301076,1909f56bfc062723c751e8b465ee728b)
Start importing Assets/Shader/UnlitShader.shader using Guid(5775937b38db2734aaa8a5d2bf653c4e) Importer(815301076,1909f56bfc062723c751e8b465ee728b)  -> (artifact id: '0044caff7f1775f393d6127d6784c008') in 0.001793 seconds 
========================================================================
Received Import Request.
  Time since last request: 2853.853736 seconds.
  path: Assets/Shader/UnlitShaderTest.shader
  artifactKey: Guid(5775937b38db2734aaa8a5d2bf653c4e) Importer(815301076,1909f56bfc062723c751e8b465ee728b)
Start importing Assets/Shader/UnlitShaderTest.shader using Guid(5775937b38db2734aaa8a5d2bf653c4e) Importer(815301076,1909f56bfc062723c751e8b465ee728b)  -> (artifact id: '0bec995a6af7f88116a79680d924b847') in 0.001850 seconds 
========================================================================
Received Import Request.
  Time since last request: 199.762987 seconds.
  path: Assets/Shader/UnlitShaderTest.shader
  artifactKey: Guid(5775937b38db2734aaa8a5d2bf653c4e) Importer(815301076,1909f56bfc062723c751e8b465ee728b)
Start importing Assets/Shader/UnlitShaderTest.shader using Guid(5775937b38db2734aaa8a5d2bf653c4e) Importer(815301076,1909f56bfc062723c751e8b465ee728b)  -> (artifact id: '5ad8c90c3c427531d904a7bdde079fdf') in 0.002090 seconds 
========================================================================
Received Import Request.
  Time since last request: 72.770787 seconds.
  path: Assets/Shader/UnlitShaderTest.shader
  artifactKey: Guid(5775937b38db2734aaa8a5d2bf653c4e) Importer(815301076,1909f56bfc062723c751e8b465ee728b)
Start importing Assets/Shader/UnlitShaderTest.shader using Guid(5775937b38db2734aaa8a5d2bf653c4e) Importer(815301076,1909f56bfc062723c751e8b465ee728b)  -> (artifact id: '9a7bb09fbb2ddcbea1cb090cfe5d8c05') in 0.001806 seconds 
========================================================================
Received Import Request.
  Time since last request: 160.692745 seconds.
  path: Assets/Shaders
  artifactKey: Guid(4d03e901bb1bad04d964e3252c6be990) Importer(815301076,1909f56bfc062723c751e8b465ee728b)
Start importing Assets/Shaders using Guid(4d03e901bb1bad04d964e3252c6be990) Importer(815301076,1909f56bfc062723c751e8b465ee728b)  -> (artifact id: 'd8866efdd44cbb078600c29b87db3ea0') in 0.001360 seconds 
========================================================================
Received Import Request.
  Time since last request: 30.406155 seconds.
  path: Assets/ShaderLibrary
  artifactKey: Guid(7876be8ab6e0ab347b24cb9497a5b548) Importer(815301076,1909f56bfc062723c751e8b465ee728b)
Start importing Assets/ShaderLibrary using Guid(7876be8ab6e0ab347b24cb9497a5b548) Importer(815301076,1909f56bfc062723c751e8b465ee728b)  -> (artifact id: '59d974bf1e6b025097783573ad6acf84') in 0.001203 seconds 
========================================================================
Received Import Request.
  Time since last request: 0.060901 seconds.
  path: Assets/ShaderLibrary/Unlit.hlsl
  artifactKey: Guid(ba02a6f7a7abb1b41892bd26942a19b5) Importer(815301076,1909f56bfc062723c751e8b465ee728b)
Start importing Assets/ShaderLibrary/Unlit.hlsl using Guid(ba02a6f7a7abb1b41892bd26942a19b5) Importer(815301076,1909f56bfc062723c751e8b465ee728b)  -> (artifact id: '542cc4b9b9131465894aac33cd89b9a3') in 0.003848 seconds 
========================================================================
Received Import Request.
  Time since last request: 43.735806 seconds.
  path: Assets/ShaderLibrary/Unlit.hlsl
  artifactKey: Guid(ba02a6f7a7abb1b41892bd26942a19b5) Importer(815301076,1909f56bfc062723c751e8b465ee728b)
Start importing Assets/ShaderLibrary/Unlit.hlsl using Guid(ba02a6f7a7abb1b41892bd26942a19b5) Importer(815301076,1909f56bfc062723c751e8b465ee728b)  -> (artifact id: '4ee634f5ee19d61116e19edaf412c9af') in 0.294904 seconds 
========================================================================
Received Import Request.
  Time since last request: 173.148587 seconds.
  path: Assets/Materials/Unlit Opaque.mat
  artifactKey: Guid(1ae00b7e795378c49b5cd625dcf1f3a2) Importer(815301076,1909f56bfc062723c751e8b465ee728b)
Start importing Assets/Materials/Unlit Opaque.mat using Guid(1ae00b7e795378c49b5cd625dcf1f3a2) Importer(815301076,1909f56bfc062723c751e8b465ee728b) Shader error in 'UnlitShaderTest': Couldn't open include file '../ShaderLibrary/Unlit.hlsl'. at line 19
Shader error in 'UnlitShaderTest': Couldn't open include file 'Packages/com.unity.render-pipelines.core/ShaderLibrary/Common.hlsl'. at Assets/ShaderLibrary/Unlit.hlsl(3)

Compiling Vertex program
Platform defines: SHADER_API_DESKTOP UNITY_ENABLE_DETAIL_NORMALMAP UNITY_ENABLE_REFLECTION_BUFFERS UNITY_LIGHTMAP_FULL_HDR UNITY_LIGHT_PROBE_PROXY_VOLUME UNITY_PBS_USE_BRDF1 UNITY_SPECCUBE_BLENDING UNITY_SPECCUBE_BOX_PROJECTION UNITY_USE_DITHER_MASK_FOR_ALPHABLENDED_SHADOWS
Disabled keywords: INSTANCING_ON SHADER_API_GLES30 UNITY_ASTC_NORMALMAP_ENCODING UNITY_COLORSPACE_GAMMA UNITY_ENABLE_NATIVE_SHADOW_LOOKUPS UNITY_FRAMEBUFFER_FETCH_AVAILABLE UNITY_HALF_PRECISION_FRAGMENT_SHADER_REGISTERS UNITY_HARDWARE_TIER1 UNITY_HARDWARE_TIER2 UNITY_HARDWARE_TIER3 UNITY_LIGHTMAP_DLDR_ENCODING UNITY_LIGHTMAP_RGBM_ENCODING UNITY_METAL_SHADOWS_USE_POINT_FILTERING UNITY_NO_DXT5nm UNITY_NO_FULL_STANDARD_SHADER UNITY_NO_SCREENSPACE_SHADOWS UNITY_PBS_USE_BRDF2 UNITY_PBS_USE_BRDF3 UNITY_PRETRANSFORM_TO_DISPLAY_ORIENTATION UNITY_UNIFIED_SHADER_PRECISION_MODEL UNITY_VIRTUAL_TEXTURING
Shader error in 'UnlitShaderTest': Couldn't open include file '../ShaderLibrary/Unlit.hlsl'. at line 19
Shader error in 'UnlitShaderTest': Couldn't open include file 'Packages/com.unity.render-pipelines.core/ShaderLibrary/Common.hlsl'. at Assets/ShaderLibrary/Unlit.hlsl(3)

Compiling Vertex program
Platform defines: SHADER_API_DESKTOP UNITY_ENABLE_DETAIL_NORMALMAP UNITY_ENABLE_REFLECTION_BUFFERS UNITY_LIGHTMAP_FULL_HDR UNITY_LIGHT_PROBE_PROXY_VOLUME UNITY_PBS_USE_BRDF1 UNITY_SPECCUBE_BLENDING UNITY_SPECCUBE_BOX_PROJECTION UNITY_USE_DITHER_MASK_FOR_ALPHABLENDED_SHADOWS
Disabled keywords: INSTANCING_ON SHADER_API_GLES30 UNITY_ASTC_NORMALMAP_ENCODING UNITY_COLORSPACE_GAMMA UNITY_ENABLE_NATIVE_SHADOW_LOOKUPS UNITY_FRAMEBUFFER_FETCH_AVAILABLE UNITY_HALF_PRECISION_FRAGMENT_SHADER_REGISTERS UNITY_HARDWARE_TIER1 UNITY_HARDWARE_TIER2 UNITY_HARDWARE_TIER3 UNITY_LIGHTMAP_DLDR_ENCODING UNITY_LIGHTMAP_RGBM_ENCODING UNITY_METAL_SHADOWS_USE_POINT_FILTERING UNITY_NO_DXT5nm UNITY_NO_FULL_STANDARD_SHADER UNITY_NO_SCREENSPACE_SHADOWS UNITY_PBS_USE_BRDF2 UNITY_PBS_USE_BRDF3 UNITY_PRETRANSFORM_TO_DISPLAY_ORIENTATION UNITY_UNIFIED_SHADER_PRECISION_MODEL UNITY_VIRTUAL_TEXTURING
 -> (artifact id: '9abba642cda69f003bf3528ddc71f080') in 0.016688 seconds 
========================================================================
Received Import Request.
  Time since last request: 49.493870 seconds.
  path: Assets/Materials/Unlit Opaque.mat
  artifactKey: Guid(1ae00b7e795378c49b5cd625dcf1f3a2) Importer(815301076,1909f56bfc062723c751e8b465ee728b)
Start importing Assets/Materials/Unlit Opaque.mat using Guid(1ae00b7e795378c49b5cd625dcf1f3a2) Importer(815301076,1909f56bfc062723c751e8b465ee728b) Shader error in 'UnlitShaderTest': Couldn't open include file 'Packages/com.unity.render-pipelines.core/ShaderLibrary/Common.hlsl'. at Assets/ShaderLibrary/Unlit.hlsl(3)

Compiling Vertex program
Platform defines: SHADER_API_DESKTOP UNITY_ENABLE_DETAIL_NORMALMAP UNITY_ENABLE_REFLECTION_BUFFERS UNITY_LIGHTMAP_FULL_HDR UNITY_LIGHT_PROBE_PROXY_VOLUME UNITY_PBS_USE_BRDF1 UNITY_SPECCUBE_BLENDING UNITY_SPECCUBE_BOX_PROJECTION UNITY_USE_DITHER_MASK_FOR_ALPHABLENDED_SHADOWS
Disabled keywords: INSTANCING_ON SHADER_API_GLES30 UNITY_ASTC_NORMALMAP_ENCODING UNITY_COLORSPACE_GAMMA UNITY_ENABLE_NATIVE_SHADOW_LOOKUPS UNITY_FRAMEBUFFER_FETCH_AVAILABLE UNITY_HALF_PRECISION_FRAGMENT_SHADER_REGISTERS UNITY_HARDWARE_TIER1 UNITY_HARDWARE_TIER2 UNITY_HARDWARE_TIER3 UNITY_LIGHTMAP_DLDR_ENCODING UNITY_LIGHTMAP_RGBM_ENCODING UNITY_METAL_SHADOWS_USE_POINT_FILTERING UNITY_NO_DXT5nm UNITY_NO_FULL_STANDARD_SHADER UNITY_NO_SCREENSPACE_SHADOWS UNITY_PBS_USE_BRDF2 UNITY_PBS_USE_BRDF3 UNITY_PRETRANSFORM_TO_DISPLAY_ORIENTATION UNITY_UNIFIED_SHADER_PRECISION_MODEL UNITY_VIRTUAL_TEXTURING
Shader error in 'UnlitShaderTest': Couldn't open include file 'Packages/com.unity.render-pipelines.core/ShaderLibrary/Common.hlsl'. at Assets/ShaderLibrary/Unlit.hlsl(3)

Compiling Vertex program
Platform defines: SHADER_API_DESKTOP UNITY_ENABLE_DETAIL_NORMALMAP UNITY_ENABLE_REFLECTION_BUFFERS UNITY_LIGHTMAP_FULL_HDR UNITY_LIGHT_PROBE_PROXY_VOLUME UNITY_PBS_USE_BRDF1 UNITY_SPECCUBE_BLENDING UNITY_SPECCUBE_BOX_PROJECTION UNITY_USE_DITHER_MASK_FOR_ALPHABLENDED_SHADOWS
Disabled keywords: INSTANCING_ON SHADER_API_GLES30 UNITY_ASTC_NORMALMAP_ENCODING UNITY_COLORSPACE_GAMMA UNITY_ENABLE_NATIVE_SHADOW_LOOKUPS UNITY_FRAMEBUFFER_FETCH_AVAILABLE UNITY_HALF_PRECISION_FRAGMENT_SHADER_REGISTERS UNITY_HARDWARE_TIER1 UNITY_HARDWARE_TIER2 UNITY_HARDWARE_TIER3 UNITY_LIGHTMAP_DLDR_ENCODING UNITY_LIGHTMAP_RGBM_ENCODING UNITY_METAL_SHADOWS_USE_POINT_FILTERING UNITY_NO_DXT5nm UNITY_NO_FULL_STANDARD_SHADER UNITY_NO_SCREENSPACE_SHADOWS UNITY_PBS_USE_BRDF2 UNITY_PBS_USE_BRDF3 UNITY_PRETRANSFORM_TO_DISPLAY_ORIENTATION UNITY_UNIFIED_SHADER_PRECISION_MODEL UNITY_VIRTUAL_TEXTURING
 -> (artifact id: '55e6e4a8944b282c33281bb8abf1e73d') in 0.008785 seconds 
========================================================================
Received Prepare
Registering precompiled user dll's ...
Registered in 0.000000 seconds.
Begin MonoManager ReloadAssembly
Native extension for WindowsStandalone target not found
Refreshing native plugins compatible for Editor in 4.37 ms, found 0 plugins.
Preloading 0 native plugins for Editor in 0.00 ms.
Mono: successfully reloaded assembly
- Completed reload, in  0.601 seconds
Domain Reload Profiling:
	ReloadAssembly (601ms)
		BeginReloadAssembly (128ms)
			ExecutionOrderSort (0ms)
			DisableScriptedObjects (6ms)
			BackupInstance (0ms)
			ReleaseScriptingObjects (0ms)
			CreateAndSetChildDomain (28ms)
		EndReloadAssembly (424ms)
			LoadAssemblies (53ms)
			RebuildTransferFunctionScriptingTraits (0ms)
			SetupTypeCache (78ms)
			ReleaseScriptCaches (0ms)
			RebuildScriptCaches (18ms)
			SetupLoadedEditorAssemblies (200ms)
				LogAssemblyErrors (0ms)
				InitializePlatformSupportModulesInManaged (10ms)
				SetLoadedEditorAssemblies (0ms)
				RefreshPlugins (4ms)
				BeforeProcessingInitializeOnLoad (24ms)
				ProcessInitializeOnLoadAttributes (94ms)
				ProcessInitializeOnLoadMethodAttributes (59ms)
				AfterProcessingInitializeOnLoad (7ms)
				EditorAssembliesLoaded (0ms)
			ExecutionOrderSort2 (0ms)
			AwakeInstancesAfterBackupRestoration (5ms)
Platform modules already initialized, skipping
Refreshing native plugins compatible for Editor in 0.12 ms, found 0 plugins.
Preloading 0 native plugins for Editor in 0.00 ms.
Unloading 480 Unused Serialized files (Serialized files now loaded: 0)
Unloading 8 unused Assets / (0.6 MB). Loaded Objects now: 992.
Memory consumption went from 46.4 MB to 45.8 MB.
Total: 2.096600 ms (FindLiveObjects: 0.067700 ms CreateObjectMapping: 0.011700 ms MarkObjects: 1.862600 ms  DeleteObjects: 0.153500 ms)

AssetImportParameters requested are different than current active one (requested -> active):
  custom:video-decoder-ogg-theora: a1e56fd34408186e4bbccfd4996cb3dc -> 
  custom:container-muxer-webm: aa71ff27fc2769a1b78a27578f13a17b -> 
  custom:container-demuxer-webm: 4f35f7cbe854078d1ac9338744f61a02 -> 
  custom:video-encoder-webm-vp8: eb34c28f22e8b96e1ab97ce403110664 -> 
  custom:audio-encoder-webm-vorbis: bf7c407c2cedff20999df2af8eb42d56 -> 
  custom:framework-win-MediaFoundation: 216162199b28c13a410421893ffa2e32 -> 
  custom:container-demuxer-ogg: 62fdf1f143b41e24485cea50d1cbac27 -> 
  custom:video-decoder-webm-vp8: 9c59270c3fd7afecdb556c50c9e8de78 -> 
  custom:audio-decoder-ogg-vorbis: bf7c407c2cedff20999df2af8eb42d56 -> 
